2020-03-30 13:17:56,042 INFO     Successfully pulled feed!
2020-03-30 13:34:07,850 INFO     Successfully pulled feed!
2020-03-30 13:39:33,737 INFO     Successfully pulled feed!
2020-04-01 00:15:14,753 INFO     Successfully pulled feed!
2020-04-01 00:15:18,230 INFO     Successfully posted! Post ID 111348120509094_117759856534587
2020-04-01 00:15:18,597 INFO     Successfully pulled feed!
2020-04-01 00:15:22,132 INFO     Successfully commented! Comment ID 117759856534587_117759889867917
2020-04-01 00:30:25,302 INFO     Successfully posted! Post ID 111348120509094_1177658698673192020-04-09
2020-04-09 13:29:19,706 INFO     Deleted 200 posts
2020-04-09 14:01:46,707 INFO     Successfully pulled feed!
2020-04-12 13:13:45,833 INFO     Successfully pulled feed!
2020-05-05 16:54:07,437 logging_handler.py INFO     Successfully posted! Post ID 111348120509094_136024644708108
2020-05-06 23:30:04,780 logging_handler.py INFO     Successfully posted! Post ID 111348120509094_136622761314963
2020-05-07 00:00:05,306 logging_handler.py INFO     Successfully posted! Post ID 111348120509094_136631414647431
2020-05-07 00:30:05,563 logging_handler.py INFO     Successfully posted! Post ID 111348120509094_136640181313221
2020-05-07 02:00:04,484 logging_handler.py INFO     Successfully posted! Post ID 111348120509094_136661271311112
2020-05-07 02:30:05,385 logging_handler.py INFO     Successfully posted! Post ID 111348120509094_136673397976566
2020-05-07 03:00:05,256 logging_handler.py INFO     Successfully posted! Post ID 111348120509094_136680481309191
2020-05-07 03:30:05,409 logging_handler.py INFO     Successfully posted! Post ID 111348120509094_136687404641832
2020-05-07 04:00:04,816 logging_handler.py INFO     Successfully posted! Post ID 111348120509094_136697607974145
2020-05-07 04:30:04,856 logging_handler.py INFO     Successfully posted! Post ID 111348120509094_136707087973197
2020-05-07 05:00:04,959 logging_handler.py INFO     Successfully posted! Post ID 111348120509094_136716487972257
2020-05-07 05:30:05,498 logging_handler.py INFO     Successfully posted! Post ID 111348120509094_136728491304390
2020-05-07 06:00:04,723 logging_handler.py INFO     Successfully posted! Post ID 111348120509094_136743344636238
2020-05-07 06:30:04,805 logging_handler.py INFO     Successfully posted! Post ID 111348120509094_136756721301567
2020-05-07 07:00:04,571 logging_handler.py INFO     Successfully posted! Post ID 111348120509094_136773101299929
2020-05-07 07:30:05,256 logging_handler.py INFO     Successfully posted! Post ID 111348120509094_136781971299042
2020-05-07 08:00:07,276 logging_handler.py INFO     Successfully posted! Post ID 111348120509094_136787887965117
2020-05-07 08:30:04,859 logging_handler.py INFO     Successfully posted! Post ID 111348120509094_136794141297825
2020-05-07 09:00:04,360 logging_handler.py INFO     Successfully posted! Post ID 111348120509094_136800737963832
2020-05-07 09:30:04,276 logging_handler.py INFO     Successfully posted! Post ID 111348120509094_136811811296058
